<?xml version="1.0" encoding="utf-16"?>
<GeneralNotification xmlns:xsi="http://www.w3.org/2001/XMLSchema-instance" xmlns:xsd="http://www.w3.org/2001/XMLSchema">
  <GeneralNotificationId>0</GeneralNotificationId>
  <NotificationDetails>fromthis</NotificationDetails>
  <FromDate>0001-01-01T00:00:00</FromDate>
  <UptoDate>0001-01-01T00:00:00</UptoDate>
  <IsActive>true</IsActive>
  <CreatedBy>1</CreatedBy>
  <CreatedDate>2024-09-04T10:47:57.9261274+05:30</CreatedDate>
  <ModifiedBy>1</ModifiedBy>
  <ModifiedDate>2024-09-04T10:47:57.9261274+05:30</ModifiedDate>
</GeneralNotification><?xml version="1.0" encoding="utf-16"?>
<GeneralNotification xmlns:xsi="http://www.w3.org/2001/XMLSchema-instance" xmlns:xsd="http://www.w3.org/2001/XMLSchema">
  <GeneralNotificationId>0</GeneralNotificationId>
  <NotificationDetails>fromthis</NotificationDetails>
  <FromDate>0001-01-01T00:00:00</FromDate>
  <UptoDate>0001-01-01T00:00:00</UptoDate>
  <IsActive>true</IsActive>
  <CreatedBy>1</CreatedBy>
  <CreatedDate>2024-09-04T10:49:08.7090586+05:30</CreatedDate>
  <ModifiedBy>1</ModifiedBy>
  <ModifiedDate>2024-09-04T10:49:08.7090586+05:30</ModifiedDate>
</GeneralNotification><?xml version="1.0" encoding="utf-16"?>
<GeneralNotification xmlns:xsi="http://www.w3.org/2001/XMLSchema-instance" xmlns:xsd="http://www.w3.org/2001/XMLSchema">
  <GeneralNotificationId>0</GeneralNotificationId>
  <NotificationDetails>fromthis</NotificationDetails>
  <FromDate>2022-09-04T00:00:00</FromDate>
  <UptoDate>2022-09-30T00:00:00</UptoDate>
  <IsActive>true</IsActive>
  <CreatedBy>1</CreatedBy>
  <CreatedDate>2024-09-04T10:50:34.1383336+05:30</CreatedDate>
  <ModifiedBy>1</ModifiedBy>
  <ModifiedDate>2024-09-04T10:50:34.1383336+05:30</ModifiedDate>
</GeneralNotification>