<?xml version="1.0" encoding="utf-16"?>
<GymMembershipPlan xmlns:xsi="http://www.w3.org/2001/XMLSchema-instance" xmlns:xsd="http://www.w3.org/2001/XMLSchema">
  <GymMembershipPlanId>0</GymMembershipPlanId>
  <CentreCode>HO</CentreCode>
  <MembershipPlanName>4Month</MembershipPlanName>
  <MaxCost>2000.0</MaxCost>
  <MinCost>1500.0</MinCost>
  <PlanTypeEnumId>30</PlanTypeEnumId>
  <PlanDurationTypeEnumId>56</PlanDurationTypeEnumId>
  <PlanDurationInMonth>4</PlanDurationInMonth>
  <PlanDurationInDays>240</PlanDurationInDays>
  <PlanDurationInSession>5</PlanDurationInSession>
  <IsRenewable>false</IsRenewable>
  <IsTimebaseBiometricAccess>true</IsTimebaseBiometricAccess>
  <IsTaxExclusive>false</IsTaxExclusive>
  <FromTime>PT0S</FromTime>
  <ToTime>PT0S</ToTime>
  <IsActive>false</IsActive>
  <CreatedBy>1</CreatedBy>
  <CreatedDate>2024-03-31T18:46:41.5037544+05:30</CreatedDate>
  <ModifiedBy>1</ModifiedBy>
  <ModifiedDate>2024-03-31T18:46:41.5037544+05:30</ModifiedDate>
</GymMembershipPlan>