<?xml version="1.0" encoding="utf-16"?>
<InventoryItemModelGroup xmlns:xsi="http://www.w3.org/2001/XMLSchema-instance" xmlns:xsd="http://www.w3.org/2001/XMLSchema">
  <InventoryItemModelGroupId>0</InventoryItemModelGroupId>
  <ItemModelGroupName>Test11</ItemModelGroupName>
  <ItemModelGroupCode>Test 1</ItemModelGroupCode>
  <InventoryModelEnumId>78</InventoryModelEnumId>
  <StockedProduct>false</StockedProduct>
  <PostPhysicalInventory>true</PostPhysicalInventory>
  <PostFinancialInventory>false</PostFinancialInventory>
  <IsIncludePhysicalValue>false</IsIncludePhysicalValue>
  <IsFixedReceiptPrice>false</IsFixedReceiptPrice>
  <PostDeferredRevenueAccountOnSale>false</PostDeferredRevenueAccountOnSale>
  <AccrueLiabilityOnProductReceipt>false</AccrueLiabilityOnProductReceipt>
  <CreatedBy>1</CreatedBy>
  <CreatedDate>2024-04-18T10:57:38.4804822+05:30</CreatedDate>
  <ModifiedBy>1</ModifiedBy>
  <ModifiedDate>2024-04-18T10:57:38.4804822+05:30</ModifiedDate>
</InventoryItemModelGroup><?xml version="1.0" encoding="utf-16"?>
<InventoryItemModelGroup xmlns:xsi="http://www.w3.org/2001/XMLSchema-instance" xmlns:xsd="http://www.w3.org/2001/XMLSchema">
  <InventoryItemModelGroupId>0</InventoryItemModelGroupId>
  <ItemModelGroupName>Test11</ItemModelGroupName>
  <ItemModelGroupCode>Test 1</ItemModelGroupCode>
  <InventoryModelEnumId>78</InventoryModelEnumId>
  <StockedProduct>false</StockedProduct>
  <PostPhysicalInventory>true</PostPhysicalInventory>
  <PostFinancialInventory>false</PostFinancialInventory>
  <IsIncludePhysicalValue>false</IsIncludePhysicalValue>
  <IsFixedReceiptPrice>false</IsFixedReceiptPrice>
  <PostDeferredRevenueAccountOnSale>false</PostDeferredRevenueAccountOnSale>
  <AccrueLiabilityOnProductReceipt>false</AccrueLiabilityOnProductReceipt>
  <CreatedBy>1</CreatedBy>
  <CreatedDate>2024-04-18T11:01:03.0566227+05:30</CreatedDate>
  <ModifiedBy>1</ModifiedBy>
  <ModifiedDate>2024-04-18T11:01:03.0566227+05:30</ModifiedDate>
</InventoryItemModelGroup><?xml version="1.0" encoding="utf-16"?>
<InventoryItemModelGroup xmlns:xsi="http://www.w3.org/2001/XMLSchema-instance" xmlns:xsd="http://www.w3.org/2001/XMLSchema">
  <InventoryItemModelGroupId>0</InventoryItemModelGroupId>
  <ItemModelGroupName>Test11</ItemModelGroupName>
  <ItemModelGroupCode>Test 1</ItemModelGroupCode>
  <InventoryModelEnumId>78</InventoryModelEnumId>
  <StockedProduct>true</StockedProduct>
  <PostPhysicalInventory>true</PostPhysicalInventory>
  <PostFinancialInventory>true</PostFinancialInventory>
  <IsIncludePhysicalValue>true</IsIncludePhysicalValue>
  <IsFixedReceiptPrice>true</IsFixedReceiptPrice>
  <PostDeferredRevenueAccountOnSale>true</PostDeferredRevenueAccountOnSale>
  <AccrueLiabilityOnProductReceipt>true</AccrueLiabilityOnProductReceipt>
  <CreatedBy>1</CreatedBy>
  <CreatedDate>2024-04-18T11:23:00.4105997+05:30</CreatedDate>
  <ModifiedBy>1</ModifiedBy>
  <ModifiedDate>2024-04-18T11:23:00.4105997+05:30</ModifiedDate>
</InventoryItemModelGroup>