<?xml version="1.0" encoding="utf-16"?>
<InventoryItemGroup xmlns:xsi="http://www.w3.org/2001/XMLSchema-instance" xmlns:xsd="http://www.w3.org/2001/XMLSchema">
  <InventoryItemGroupId>0</InventoryItemGroupId>
  <ConsiderInProdReport>false</ConsiderInProdReport>
  <CreatedBy>1</CreatedBy>
  <CreatedDate>2024-10-21T15:19:48.0767705+05:30</CreatedDate>
  <ModifiedBy>1</ModifiedBy>
  <ModifiedDate>2024-10-21T15:19:48.0767705+05:30</ModifiedDate>
</InventoryItemGroup><?xml version="1.0" encoding="utf-16"?>
<InventoryItemTrackingDimension xmlns:xsi="http://www.w3.org/2001/XMLSchema-instance" xmlns:xsd="http://www.w3.org/2001/XMLSchema">
  <InventoryItemTrackingDimensionId>0</InventoryItemTrackingDimensionId>
  <CreatedBy>1</CreatedBy>
  <CreatedDate>2024-10-21T15:24:50.5351401+05:30</CreatedDate>
  <ModifiedBy>1</ModifiedBy>
  <ModifiedDate>2024-10-21T15:24:50.5351401+05:30</ModifiedDate>
</InventoryItemTrackingDimension><?xml version="1.0" encoding="utf-16"?>
<InventoryProductDimension xmlns:xsi="http://www.w3.org/2001/XMLSchema-instance" xmlns:xsd="http://www.w3.org/2001/XMLSchema">
  <InventoryProductDimensionId>0</InventoryProductDimensionId>
  <CreatedBy>1</CreatedBy>
  <CreatedDate>2024-10-21T15:25:01.7058261+05:30</CreatedDate>
  <ModifiedBy>1</ModifiedBy>
  <ModifiedDate>2024-10-21T15:25:01.7058261+05:30</ModifiedDate>
</InventoryProductDimension><?xml version="1.0" encoding="utf-16"?>
<InventoryItemTrackingDimension xmlns:xsi="http://www.w3.org/2001/XMLSchema-instance" xmlns:xsd="http://www.w3.org/2001/XMLSchema">
  <InventoryItemTrackingDimensionId>0</InventoryItemTrackingDimensionId>
  <CreatedBy>1</CreatedBy>
  <CreatedDate>2024-10-21T15:27:38.2833732+05:30</CreatedDate>
  <ModifiedBy>1</ModifiedBy>
  <ModifiedDate>2024-10-21T15:27:38.2833732+05:30</ModifiedDate>
</InventoryItemTrackingDimension><?xml version="1.0" encoding="utf-16"?>
<InventoryItemModelGroup xmlns:xsi="http://www.w3.org/2001/XMLSchema-instance" xmlns:xsd="http://www.w3.org/2001/XMLSchema">
  <InventoryItemModelGroupId>0</InventoryItemModelGroupId>
  <ItemModelGroupName>test</ItemModelGroupName>
  <InventoryModelEnumId>78</InventoryModelEnumId>
  <StockedProduct>false</StockedProduct>
  <PostPhysicalInventory>true</PostPhysicalInventory>
  <PostFinancialInventory>false</PostFinancialInventory>
  <IsIncludePhysicalValue>false</IsIncludePhysicalValue>
  <IsFixedReceiptPrice>false</IsFixedReceiptPrice>
  <PostDeferredRevenueAccountOnSale>false</PostDeferredRevenueAccountOnSale>
  <AccrueLiabilityOnProductReceipt>false</AccrueLiabilityOnProductReceipt>
  <CreatedBy>1</CreatedBy>
  <CreatedDate>2024-10-21T17:38:34.7731474+05:30</CreatedDate>
  <ModifiedBy>1</ModifiedBy>
  <ModifiedDate>2024-10-21T17:38:34.7731474+05:30</ModifiedDate>
</InventoryItemModelGroup><?xml version="1.0" encoding="utf-16"?>
<InventoryItemModelGroup xmlns:xsi="http://www.w3.org/2001/XMLSchema-instance" xmlns:xsd="http://www.w3.org/2001/XMLSchema">
  <InventoryItemModelGroupId>0</InventoryItemModelGroupId>
  <ItemModelGroupName>test</ItemModelGroupName>
  <InventoryModelEnumId>78</InventoryModelEnumId>
  <StockedProduct>false</StockedProduct>
  <PostPhysicalInventory>false</PostPhysicalInventory>
  <PostFinancialInventory>true</PostFinancialInventory>
  <IsIncludePhysicalValue>false</IsIncludePhysicalValue>
  <IsFixedReceiptPrice>false</IsFixedReceiptPrice>
  <PostDeferredRevenueAccountOnSale>false</PostDeferredRevenueAccountOnSale>
  <AccrueLiabilityOnProductReceipt>false</AccrueLiabilityOnProductReceipt>
  <CreatedBy>1</CreatedBy>
  <CreatedDate>2024-10-21T17:38:43.7559857+05:30</CreatedDate>
  <ModifiedBy>1</ModifiedBy>
  <ModifiedDate>2024-10-21T17:38:43.7559857+05:30</ModifiedDate>
</InventoryItemModelGroup><?xml version="1.0" encoding="utf-16"?>
<InventoryItemModelGroup xmlns:xsi="http://www.w3.org/2001/XMLSchema-instance" xmlns:xsd="http://www.w3.org/2001/XMLSchema">
  <InventoryItemModelGroupId>0</InventoryItemModelGroupId>
  <InventoryModelEnumId>77</InventoryModelEnumId>
  <StockedProduct>false</StockedProduct>
  <PostPhysicalInventory>false</PostPhysicalInventory>
  <PostFinancialInventory>false</PostFinancialInventory>
  <IsIncludePhysicalValue>false</IsIncludePhysicalValue>
  <IsFixedReceiptPrice>false</IsFixedReceiptPrice>
  <PostDeferredRevenueAccountOnSale>false</PostDeferredRevenueAccountOnSale>
  <AccrueLiabilityOnProductReceipt>false</AccrueLiabilityOnProductReceipt>
  <CreatedBy>1</CreatedBy>
  <CreatedDate>2024-10-21T17:39:10.6687922+05:30</CreatedDate>
  <ModifiedBy>1</ModifiedBy>
  <ModifiedDate>2024-10-21T17:39:10.6687922+05:30</ModifiedDate>
</InventoryItemModelGroup><?xml version="1.0" encoding="utf-16"?>
<InventoryItemModelGroup xmlns:xsi="http://www.w3.org/2001/XMLSchema-instance" xmlns:xsd="http://www.w3.org/2001/XMLSchema">
  <InventoryItemModelGroupId>0</InventoryItemModelGroupId>
  <ItemModelGroupCode>fd</ItemModelGroupCode>
  <InventoryModelEnumId>77</InventoryModelEnumId>
  <StockedProduct>false</StockedProduct>
  <PostPhysicalInventory>false</PostPhysicalInventory>
  <PostFinancialInventory>false</PostFinancialInventory>
  <IsIncludePhysicalValue>false</IsIncludePhysicalValue>
  <IsFixedReceiptPrice>false</IsFixedReceiptPrice>
  <PostDeferredRevenueAccountOnSale>false</PostDeferredRevenueAccountOnSale>
  <AccrueLiabilityOnProductReceipt>false</AccrueLiabilityOnProductReceipt>
  <CreatedBy>1</CreatedBy>
  <CreatedDate>2024-10-21T17:40:09.1810376+05:30</CreatedDate>
  <ModifiedBy>1</ModifiedBy>
  <ModifiedDate>2024-10-21T17:40:09.1810376+05:30</ModifiedDate>
</InventoryItemModelGroup><?xml version="1.0" encoding="utf-16"?>
<InventoryItemModelGroup xmlns:xsi="http://www.w3.org/2001/XMLSchema-instance" xmlns:xsd="http://www.w3.org/2001/XMLSchema">
  <InventoryItemModelGroupId>0</InventoryItemModelGroupId>
  <ItemModelGroupCode>fd</ItemModelGroupCode>
  <InventoryModelEnumId>77</InventoryModelEnumId>
  <StockedProduct>false</StockedProduct>
  <PostPhysicalInventory>false</PostPhysicalInventory>
  <PostFinancialInventory>false</PostFinancialInventory>
  <IsIncludePhysicalValue>false</IsIncludePhysicalValue>
  <IsFixedReceiptPrice>false</IsFixedReceiptPrice>
  <PostDeferredRevenueAccountOnSale>false</PostDeferredRevenueAccountOnSale>
  <AccrueLiabilityOnProductReceipt>false</AccrueLiabilityOnProductReceipt>
  <CreatedBy>1</CreatedBy>
  <CreatedDate>2024-10-21T17:40:55.8662286+05:30</CreatedDate>
  <ModifiedBy>1</ModifiedBy>
  <ModifiedDate>2024-10-21T17:40:55.8662286+05:30</ModifiedDate>
</InventoryItemModelGroup><?xml version="1.0" encoding="utf-16"?>
<InventoryItemModelGroup xmlns:xsi="http://www.w3.org/2001/XMLSchema-instance" xmlns:xsd="http://www.w3.org/2001/XMLSchema">
  <InventoryItemModelGroupId>0</InventoryItemModelGroupId>
  <ItemModelGroupName>test</ItemModelGroupName>
  <InventoryModelEnumId>77</InventoryModelEnumId>
  <StockedProduct>false</StockedProduct>
  <PostPhysicalInventory>false</PostPhysicalInventory>
  <PostFinancialInventory>false</PostFinancialInventory>
  <IsIncludePhysicalValue>false</IsIncludePhysicalValue>
  <IsFixedReceiptPrice>false</IsFixedReceiptPrice>
  <PostDeferredRevenueAccountOnSale>false</PostDeferredRevenueAccountOnSale>
  <AccrueLiabilityOnProductReceipt>false</AccrueLiabilityOnProductReceipt>
  <CreatedBy>1</CreatedBy>
  <CreatedDate>2024-10-21T17:43:58.3669853+05:30</CreatedDate>
  <ModifiedBy>1</ModifiedBy>
  <ModifiedDate>2024-10-21T17:43:58.3669853+05:30</ModifiedDate>
</InventoryItemModelGroup>