<?xml version="1.0" encoding="utf-16"?>
<GeneralNotification xmlns:xsi="http://www.w3.org/2001/XMLSchema-instance" xmlns:xsd="http://www.w3.org/2001/XMLSchema">
  <GeneralNotificationId>0</GeneralNotificationId>
  <NotificationDetails>yum</NotificationDetails>
  <FromDate>0001-01-01T00:00:00</FromDate>
  <UptoDate>0001-01-01T00:00:00</UptoDate>
  <IsActive>true</IsActive>
  <CreatedBy>1</CreatedBy>
  <CreatedDate>2024-09-03T09:14:27.2546824+05:30</CreatedDate>
  <ModifiedBy>1</ModifiedBy>
  <ModifiedDate>2024-09-03T09:14:27.2546824+05:30</ModifiedDate>
</GeneralNotification><?xml version="1.0" encoding="utf-16"?>
<GeneralNotification xmlns:xsi="http://www.w3.org/2001/XMLSchema-instance" xmlns:xsd="http://www.w3.org/2001/XMLSchema">
  <GeneralNotificationId>0</GeneralNotificationId>
  <NotificationDetails>yum</NotificationDetails>
  <FromDate>0001-01-01T00:00:00</FromDate>
  <UptoDate>0001-01-01T00:00:00</UptoDate>
  <IsActive>true</IsActive>
  <CreatedBy>1</CreatedBy>
  <CreatedDate>2024-09-03T09:16:20.6890211+05:30</CreatedDate>
  <ModifiedBy>1</ModifiedBy>
  <ModifiedDate>2024-09-03T09:16:20.6890211+05:30</ModifiedDate>
</GeneralNotification><?xml version="1.0" encoding="utf-16"?>
<GeneralNotification xmlns:xsi="http://www.w3.org/2001/XMLSchema-instance" xmlns:xsd="http://www.w3.org/2001/XMLSchema">
  <GeneralNotificationId>0</GeneralNotificationId>
  <NotificationDetails>yum</NotificationDetails>
  <FromDate>0001-01-01T00:00:00</FromDate>
  <UptoDate>0001-01-01T00:00:00</UptoDate>
  <IsActive>true</IsActive>
  <CreatedBy>1</CreatedBy>
  <CreatedDate>2024-09-03T09:31:01.1217156+05:30</CreatedDate>
  <ModifiedBy>1</ModifiedBy>
  <ModifiedDate>2024-09-03T09:31:01.1217156+05:30</ModifiedDate>
</GeneralNotification><?xml version="1.0" encoding="utf-16"?>
<GeneralNotification xmlns:xsi="http://www.w3.org/2001/XMLSchema-instance" xmlns:xsd="http://www.w3.org/2001/XMLSchema">
  <GeneralNotificationId>0</GeneralNotificationId>
  <NotificationDetails>thiss</NotificationDetails>
  <FromDate>2022-09-05T00:00:00</FromDate>
  <UptoDate>2022-09-18T00:00:00</UptoDate>
  <IsActive>false</IsActive>
  <CreatedBy>1</CreatedBy>
  <CreatedDate>2024-09-03T09:38:12.5660494+05:30</CreatedDate>
  <ModifiedBy>1</ModifiedBy>
  <ModifiedDate>2024-09-03T09:38:12.5660494+05:30</ModifiedDate>
</GeneralNotification><?xml version="1.0" encoding="utf-16"?>
<GeneralNotification xmlns:xsi="http://www.w3.org/2001/XMLSchema-instance" xmlns:xsd="http://www.w3.org/2001/XMLSchema">
  <GeneralNotificationId>0</GeneralNotificationId>
  <NotificationDetails>september </NotificationDetails>
  <FromDate>2022-09-05T00:00:00</FromDate>
  <UptoDate>2022-09-18T00:00:00</UptoDate>
  <IsActive>false</IsActive>
  <CreatedBy>1</CreatedBy>
  <CreatedDate>2024-09-03T09:39:38.3222318+05:30</CreatedDate>
  <ModifiedBy>1</ModifiedBy>
  <ModifiedDate>2024-09-03T09:39:38.3222318+05:30</ModifiedDate>
</GeneralNotification><?xml version="1.0" encoding="utf-16"?>
<GeneralNotification xmlns:xsi="http://www.w3.org/2001/XMLSchema-instance" xmlns:xsd="http://www.w3.org/2001/XMLSchema">
  <GeneralNotificationId>0</GeneralNotificationId>
  <NotificationDetails>august</NotificationDetails>
  <FromDate>2022-09-28T00:00:00</FromDate>
  <UptoDate>2022-09-29T00:00:00</UptoDate>
  <IsActive>true</IsActive>
  <CreatedBy>1</CreatedBy>
  <CreatedDate>2024-09-03T09:44:06.6933978+05:30</CreatedDate>
  <ModifiedBy>1</ModifiedBy>
  <ModifiedDate>2024-09-03T09:44:06.6933978+05:30</ModifiedDate>
</GeneralNotification><?xml version="1.0" encoding="utf-16"?>
<GeneralNotification xmlns:xsi="http://www.w3.org/2001/XMLSchema-instance" xmlns:xsd="http://www.w3.org/2001/XMLSchema">
  <GeneralNotificationId>0</GeneralNotificationId>
  <NotificationDetails>january</NotificationDetails>
  <FromDate>2022-09-21T00:00:00</FromDate>
  <UptoDate>2022-09-22T00:00:00</UptoDate>
  <IsActive>true</IsActive>
  <CreatedBy>1</CreatedBy>
  <CreatedDate>2024-09-03T09:51:12.1563293+05:30</CreatedDate>
  <ModifiedBy>1</ModifiedBy>
  <ModifiedDate>2024-09-03T09:51:12.1563293+05:30</ModifiedDate>
</GeneralNotification><?xml version="1.0" encoding="utf-16"?>
<GeneralNotification xmlns:xsi="http://www.w3.org/2001/XMLSchema-instance" xmlns:xsd="http://www.w3.org/2001/XMLSchema">
  <GeneralNotificationId>0</GeneralNotificationId>
  <NotificationDetails>feb</NotificationDetails>
  <FromDate>2022-09-14T00:00:00</FromDate>
  <UptoDate>2022-09-16T00:00:00</UptoDate>
  <IsActive>true</IsActive>
  <CreatedBy>1</CreatedBy>
  <CreatedDate>2024-09-03T10:03:05.5021484+05:30</CreatedDate>
  <ModifiedBy>1</ModifiedBy>
  <ModifiedDate>2024-09-03T10:03:05.5021484+05:30</ModifiedDate>
</GeneralNotification><?xml version="1.0" encoding="utf-16"?>
<GeneralNotification xmlns:xsi="http://www.w3.org/2001/XMLSchema-instance" xmlns:xsd="http://www.w3.org/2001/XMLSchema">
  <GeneralNotificationId>0</GeneralNotificationId>
  <NotificationDetails>hii</NotificationDetails>
  <FromDate>2022-09-09T00:00:00</FromDate>
  <UptoDate>2022-10-05T00:00:00</UptoDate>
  <IsActive>true</IsActive>
  <CreatedBy>1</CreatedBy>
  <CreatedDate>2024-09-03T13:56:59.1141778+05:30</CreatedDate>
  <ModifiedBy>1</ModifiedBy>
  <ModifiedDate>2024-09-03T13:56:59.1141778+05:30</ModifiedDate>
</GeneralNotification><?xml version="1.0" encoding="utf-16"?>
<GeneralNotification xmlns:xsi="http://www.w3.org/2001/XMLSchema-instance" xmlns:xsd="http://www.w3.org/2001/XMLSchema">
  <GeneralNotificationId>0</GeneralNotificationId>
  <NotificationDetails>hello</NotificationDetails>
  <FromDate>2022-12-13T00:00:00</FromDate>
  <UptoDate>2022-11-08T00:00:00</UptoDate>
  <IsActive>true</IsActive>
  <CreatedBy>1</CreatedBy>
  <CreatedDate>2024-09-03T14:13:01.5635147+05:30</CreatedDate>
  <ModifiedBy>1</ModifiedBy>
  <ModifiedDate>2024-09-03T14:13:01.5635147+05:30</ModifiedDate>
</GeneralNotification>